<?xml version="1.0" encoding="UTF-8"?>
<testsuite name="testClean.ProjectTest" tests="1" skipped="0" failures="0" errors="0" timestamp="2022-10-16T22:14:11" hostname="DESKTOP-URGKKC5" time="10.122">
  <properties/>
  <testcase name="verifyCRUDProject()" classname="testClean.ProjectTest" time="10.122"/>
  <system-out><![CDATA[Request method:	POST
Request URI:	https://todo.ly/api/projects.json
Proxy:			<none>
Request params:	<none>
Query params:	<none>
Form params:	<none>
Path params:	<none>
Headers:		Authorization=Basic dWNiMjAyMkB1Y2IyMDIyLmNvbToxMjM0NQ==
				Accept=*/*
				Content-Type=text/plain; charset=ISO-8859-1
Cookies:		<none>
Multiparts:		<none>
Body:
{"Content":"Cato2022"}
HTTP/1.1 200 OK
Cache-Control: no-cache, no-store, must-revalidate
Pragma: no-cache
Content-Type: application/json; charset=utf-8
Expires: -1
Server: Microsoft-IIS/8.0
Set-Cookie: ASP.NET_SessionId=ol3qdubmxlsookmv4jk3545b; path=/; HttpOnly; SameSite=Lax
X-AspNetMvc-Version: 2.0
X-AspNet-Version: 4.0.30319
X-Powered-By: ASP.NET
Date: Sun, 16 Oct 2022 22:14:03 GMT
Content-Length: 398

{
    "Id": 4026071,
    "Content": "Cato2022",
    "ItemsCount": 0,
    "Icon": 0,
    "ItemType": 2,
    "ParentId": null,
    "Collapsed": false,
    "ItemOrder": 436,
    "Children": [
        
    ],
    "IsProjectShared": false,
    "ProjectShareOwnerName": null,
    "ProjectShareOwnerEmail": null,
    "IsShareApproved": false,
    "IsOwnProject": true,
    "LastSyncedDateTime": "/Date(1665958443850)/",
    "LastUpdatedDate": "/Date(1665958443850)/",
    "Deleted": false,
    "SyncClientCreationId": null
}
Request method:	PUT
Request URI:	https://todo.ly/api/projects/4026071.json
Proxy:			<none>
Request params:	<none>
Query params:	<none>
Form params:	<none>
Path params:	<none>
Headers:		Authorization=Basic dWNiMjAyMkB1Y2IyMDIyLmNvbToxMjM0NQ==
				Accept=*/*
				Content-Type=text/plain; charset=ISO-8859-1
Cookies:		<none>
Multiparts:		<none>
Body:
{"Content":"CatoUpdated2022"}
HTTP/1.1 200 OK
Cache-Control: no-cache, no-store, must-revalidate
Pragma: no-cache
Content-Type: application/json; charset=utf-8
Expires: -1
Server: Microsoft-IIS/8.0
Set-Cookie: ASP.NET_SessionId=25hhnhqilkgygd1b1rg4ogbo; path=/; HttpOnly; SameSite=Lax
X-AspNetMvc-Version: 2.0
X-AspNet-Version: 4.0.30319
X-Powered-By: ASP.NET
Date: Sun, 16 Oct 2022 22:14:05 GMT
Content-Length: 405

{
    "Id": 4026071,
    "Content": "CatoUpdated2022",
    "ItemsCount": 0,
    "Icon": 0,
    "ItemType": 2,
    "ParentId": null,
    "Collapsed": false,
    "ItemOrder": 436,
    "Children": [
        
    ],
    "IsProjectShared": false,
    "ProjectShareOwnerName": null,
    "ProjectShareOwnerEmail": null,
    "IsShareApproved": false,
    "IsOwnProject": true,
    "LastSyncedDateTime": "/Date(1665958446159)/",
    "LastUpdatedDate": "/Date(1665958446160)/",
    "Deleted": false,
    "SyncClientCreationId": null
}
Request method:	GET
Request URI:	https://todo.ly/api/projects/4026071.json
Proxy:			<none>
Request params:	<none>
Query params:	<none>
Form params:	<none>
Path params:	<none>
Headers:		Authorization=Basic dWNiMjAyMkB1Y2IyMDIyLmNvbToxMjM0NQ==
				Accept=*/*
Cookies:		<none>
Multiparts:		<none>
Body:			<none>
HTTP/1.1 200 OK
Cache-Control: no-cache, no-store, must-revalidate
Pragma: no-cache
Content-Type: application/json; charset=utf-8
Expires: -1
Server: Microsoft-IIS/8.0
Set-Cookie: ASP.NET_SessionId=djx31k42evpfc5uozfxwgodp; path=/; HttpOnly; SameSite=Lax
X-AspNetMvc-Version: 2.0
X-AspNet-Version: 4.0.30319
X-Powered-By: ASP.NET
Date: Sun, 16 Oct 2022 22:14:07 GMT
Content-Length: 405

{
    "Id": 4026071,
    "Content": "CatoUpdated2022",
    "ItemsCount": 0,
    "Icon": 0,
    "ItemType": 2,
    "ParentId": null,
    "Collapsed": false,
    "ItemOrder": 436,
    "Children": [
        
    ],
    "IsProjectShared": false,
    "ProjectShareOwnerName": null,
    "ProjectShareOwnerEmail": null,
    "IsShareApproved": false,
    "IsOwnProject": true,
    "LastSyncedDateTime": "/Date(1665958447672)/",
    "LastUpdatedDate": "/Date(1665958446160)/",
    "Deleted": false,
    "SyncClientCreationId": null
}
Request method:	DELETE
Request URI:	https://todo.ly/api/projects/4026071.json
Proxy:			<none>
Request params:	<none>
Query params:	<none>
Form params:	<none>
Path params:	<none>
Headers:		Authorization=Basic dWNiMjAyMkB1Y2IyMDIyLmNvbToxMjM0NQ==
				Accept=*/*
Cookies:		<none>
Multiparts:		<none>
Body:			<none>
HTTP/1.1 200 OK
Cache-Control: no-cache, no-store, must-revalidate
Pragma: no-cache
Content-Type: application/json; charset=utf-8
Expires: -1
Server: Microsoft-IIS/8.0
Set-Cookie: ASP.NET_SessionId=n1tl0bgheippt1bbwh3j0dao; path=/; HttpOnly; SameSite=Lax
X-AspNetMvc-Version: 2.0
X-AspNet-Version: 4.0.30319
X-Powered-By: ASP.NET
Date: Sun, 16 Oct 2022 22:14:08 GMT
Content-Length: 404

{
    "Id": 4026071,
    "Content": "CatoUpdated2022",
    "ItemsCount": 0,
    "Icon": 0,
    "ItemType": 2,
    "ParentId": null,
    "Collapsed": false,
    "ItemOrder": 436,
    "Children": [
        
    ],
    "IsProjectShared": false,
    "ProjectShareOwnerName": null,
    "ProjectShareOwnerEmail": null,
    "IsShareApproved": false,
    "IsOwnProject": true,
    "LastSyncedDateTime": "/Date(1665958448904)/",
    "LastUpdatedDate": "/Date(1665958448890)/",
    "Deleted": true,
    "SyncClientCreationId": null
}
]]></system-out>
  <system-err><![CDATA[]]></system-err>
</testsuite>
