<?xml version="1.0" encoding="UTF-8"?>
<testsuite name="testClean.ProjectTest" tests="1" skipped="0" failures="0" errors="0" timestamp="2022-10-17T02:03:29" hostname="DESKTOP-URGKKC5" time="10.864">
  <properties/>
  <testcase name="verifyCRUDItem()" classname="testClean.ProjectTest" time="10.864"/>
  <system-out><![CDATA[Request method:	POST
Request URI:	https://todo.ly/api/items.json
Proxy:			<none>
Request params:	<none>
Query params:	<none>
Form params:	<none>
Path params:	<none>
Headers:		Authorization=Basic dWNiMjAyMkB1Y2IyMDIyLmNvbToxMjM0NQ==
				Accept=*/*
				Content-Type=text/plain; charset=ISO-8859-1
Cookies:		<none>
Multiparts:		<none>
Body:
{"Content":"CreateNewItem","ProjectId":4021963}
HTTP/1.1 200 OK
Cache-Control: no-cache, no-store, must-revalidate
Pragma: no-cache
Content-Type: application/json; charset=utf-8
Expires: -1
Server: Microsoft-IIS/8.0
Set-Cookie: ASP.NET_SessionId=cfrchw3ocucimo4i1rysbadf; path=/; HttpOnly; SameSite=Lax
X-AspNetMvc-Version: 2.0
X-AspNet-Version: 4.0.30319
X-Powered-By: ASP.NET
Date: Mon, 17 Oct 2022 02:03:20 GMT
Content-Length: 534

{
    "Id": 11067815,
    "Content": "CreateNewItem",
    "ItemType": 1,
    "Checked": false,
    "ProjectId": 4021963,
    "ParentId": null,
    "Path": "",
    "Collapsed": false,
    "DateString": null,
    "DateStringPriority": 0,
    "DueDate": "",
    "Recurrence": null,
    "ItemOrder": 2,
    "Priority": 4,
    "LastSyncedDateTime": "/Date(1665972201899)/",
    "Children": [
        
    ],
    "DueDateTime": null,
    "CreatedDate": "/Date(1665972201883)/",
    "LastCheckedDate": null,
    "LastUpdatedDate": "/Date(1665972201883)/",
    "Deleted": false,
    "Notes": "",
    "InHistory": false,
    "SyncClientCreationId": null,
    "DueTimeSpecified": true,
    "OwnerId": 705560
}
Request method:	PUT
Request URI:	https://todo.ly/api/items/11067815.json
Proxy:			<none>
Request params:	<none>
Query params:	<none>
Form params:	<none>
Path params:	<none>
Headers:		Authorization=Basic dWNiMjAyMkB1Y2IyMDIyLmNvbToxMjM0NQ==
				Accept=*/*
				Content-Type=text/plain; charset=ISO-8859-1
Cookies:		<none>
Multiparts:		<none>
Body:
{"Checked":true,"Content":"CreateNewItem","ProjectId":4021963}
HTTP/1.1 200 OK
Cache-Control: no-cache, no-store, must-revalidate
Pragma: no-cache
Content-Type: application/json; charset=utf-8
Expires: -1
Server: Microsoft-IIS/8.0
Set-Cookie: ASP.NET_SessionId=wtfcinoanbqedcngonr0q5rc; path=/; HttpOnly; SameSite=Lax
X-AspNetMvc-Version: 2.0
X-AspNet-Version: 4.0.30319
X-Powered-By: ASP.NET
Date: Mon, 17 Oct 2022 02:03:24 GMT
Content-Length: 553

{
    "Id": 11067815,
    "Content": "CreateNewItem",
    "ItemType": 1,
    "Checked": true,
    "ProjectId": 4021963,
    "ParentId": null,
    "Path": "",
    "Collapsed": false,
    "DateString": null,
    "DateStringPriority": 0,
    "DueDate": "",
    "Recurrence": null,
    "ItemOrder": 2,
    "Priority": 4,
    "LastSyncedDateTime": "/Date(1665972204567)/",
    "Children": [
        
    ],
    "DueDateTime": null,
    "CreatedDate": "/Date(1665972201883)/",
    "LastCheckedDate": "/Date(1665972204537)/",
    "LastUpdatedDate": "/Date(1665972204537)/",
    "Deleted": false,
    "Notes": "",
    "InHistory": true,
    "SyncClientCreationId": null,
    "DueTimeSpecified": true,
    "OwnerId": 705560
}
Request method:	GET
Request URI:	https://todo.ly/api/items/11067815.json
Proxy:			<none>
Request params:	<none>
Query params:	<none>
Form params:	<none>
Path params:	<none>
Headers:		Authorization=Basic dWNiMjAyMkB1Y2IyMDIyLmNvbToxMjM0NQ==
				Accept=*/*
Cookies:		<none>
Multiparts:		<none>
Body:			<none>
HTTP/1.1 200 OK
Cache-Control: no-cache, no-store, must-revalidate
Pragma: no-cache
Content-Type: application/json; charset=utf-8
Expires: -1
Server: Microsoft-IIS/8.0
Set-Cookie: ASP.NET_SessionId=fmlky5wttgfygtdesigubox1; path=/; HttpOnly; SameSite=Lax
X-AspNetMvc-Version: 2.0
X-AspNet-Version: 4.0.30319
X-Powered-By: ASP.NET
Date: Mon, 17 Oct 2022 02:03:25 GMT
Content-Length: 553

{
    "Id": 11067815,
    "Content": "CreateNewItem",
    "ItemType": 1,
    "Checked": true,
    "ProjectId": 4021963,
    "ParentId": null,
    "Path": "",
    "Collapsed": false,
    "DateString": null,
    "DateStringPriority": 0,
    "DueDate": "",
    "Recurrence": null,
    "ItemOrder": 2,
    "Priority": 4,
    "LastSyncedDateTime": "/Date(1665972205690)/",
    "Children": [
        
    ],
    "DueDateTime": null,
    "CreatedDate": "/Date(1665972201883)/",
    "LastCheckedDate": "/Date(1665972204537)/",
    "LastUpdatedDate": "/Date(1665972204537)/",
    "Deleted": false,
    "Notes": "",
    "InHistory": true,
    "SyncClientCreationId": null,
    "DueTimeSpecified": true,
    "OwnerId": 705560
}
Request method:	DELETE
Request URI:	https://todo.ly/api/items/11067815.json
Proxy:			<none>
Request params:	<none>
Query params:	<none>
Form params:	<none>
Path params:	<none>
Headers:		Authorization=Basic dWNiMjAyMkB1Y2IyMDIyLmNvbToxMjM0NQ==
				Accept=*/*
Cookies:		<none>
Multiparts:		<none>
Body:			<none>
HTTP/1.1 200 OK
Cache-Control: no-cache, no-store, must-revalidate
Pragma: no-cache
Content-Type: application/json; charset=utf-8
Expires: -1
Server: Microsoft-IIS/8.0
Set-Cookie: ASP.NET_SessionId=r3rbv4f5dnwtz0ihxnclirzs; path=/; HttpOnly; SameSite=Lax
X-AspNetMvc-Version: 2.0
X-AspNet-Version: 4.0.30319
X-Powered-By: ASP.NET
Date: Mon, 17 Oct 2022 02:03:26 GMT
Content-Length: 552

{
    "Id": 11067815,
    "Content": "CreateNewItem",
    "ItemType": 1,
    "Checked": true,
    "ProjectId": 4021963,
    "ParentId": null,
    "Path": "",
    "Collapsed": false,
    "DateString": null,
    "DateStringPriority": 0,
    "DueDate": "",
    "Recurrence": null,
    "ItemOrder": 2,
    "Priority": 4,
    "LastSyncedDateTime": "/Date(1665972206938)/",
    "Children": [
        
    ],
    "DueDateTime": null,
    "CreatedDate": "/Date(1665972201883)/",
    "LastCheckedDate": "/Date(1665972204537)/",
    "LastUpdatedDate": "/Date(1665972206893)/",
    "Deleted": true,
    "Notes": "",
    "InHistory": true,
    "SyncClientCreationId": null,
    "DueTimeSpecified": true,
    "OwnerId": 705560
}
]]></system-out>
  <system-err><![CDATA[]]></system-err>
</testsuite>
